3: SPAWN "customer" AS "entity_0"
3: QUEUE "initial_queue" JOIN "entity_0"
3: QUEUE "initial_queue" LEAVE "entity_0"
3: RESOURCE "pharmacist" SET STATE "active"
8: RESOURCE "pharmacist" SET STATE "busy"
12: RESOURCE "pharmacist" SET STATE "idle"
7: SPAWN "customer" AS "entity_1"
7: QUEUE "initial_queue" JOIN "entity_1"
12: QUEUE "initial_queue" LEAVE "entity_1"
12: RESOURCE "pharmacist" SET STATE "active"
17: RESOURCE "pharmacist" SET STATE "busy"
21: RESOURCE "pharmacist" SET STATE "idle"
15: SPAWN "customer" AS "entity_2"
15: QUEUE "initial_queue" JOIN "entity_2"
21: QUEUE "initial_queue" LEAVE "entity_2"
21: RESOURCE "pharmacist" SET STATE "active"
26: RESOURCE "pharmacist" SET STATE "busy"
30: RESOURCE "pharmacist" SET STATE "idle"
17: SPAWN "customer" AS "entity_3"
17: QUEUE "initial_queue" JOIN "entity_3"
30: QUEUE "initial_queue" LEAVE "entity_3"
30: RESOURCE "pharmacist" SET STATE "active"
35: RESOURCE "pharmacist" SET STATE "busy"
39: RESOURCE "pharmacist" SET STATE "idle"
24: SPAWN "customer" AS "entity_4"
24: QUEUE "initial_queue" JOIN "entity_4"
39: QUEUE "initial_queue" LEAVE "entity_4"
39: RESOURCE "pharmacist" SET STATE "active"
44: RESOURCE "pharmacist" SET STATE "busy"
48: RESOURCE "pharmacist" SET STATE "idle"
26: SPAWN "customer" AS "entity_5"
26: QUEUE "initial_queue" JOIN "entity_5"
48: QUEUE "initial_queue" LEAVE "entity_5"
48: RESOURCE "pharmacist" SET STATE "active"
53: RESOURCE "pharmacist" SET STATE "busy"
57: RESOURCE "pharmacist" SET STATE "idle"
29: SPAWN "customer" AS "entity_6"
29: QUEUE "initial_queue" JOIN "entity_6"
57: QUEUE "initial_queue" LEAVE "entity_6"
57: RESOURCE "pharmacist" SET STATE "active"
62: RESOURCE "pharmacist" SET STATE "busy"
66: RESOURCE "pharmacist" SET STATE "idle"
32: SPAWN "customer" AS "entity_7"
32: QUEUE "initial_queue" JOIN "entity_7"
66: QUEUE "initial_queue" LEAVE "entity_7"
66: RESOURCE "pharmacist" SET STATE "active"
71: RESOURCE "pharmacist" SET STATE "busy"
75: RESOURCE "pharmacist" SET STATE "idle"
38: SPAWN "customer" AS "entity_8"
38: QUEUE "initial_queue" JOIN "entity_8"
75: QUEUE "initial_queue" LEAVE "entity_8"
75: RESOURCE "pharmacist" SET STATE "active"
80: RESOURCE "pharmacist" SET STATE "busy"
84: RESOURCE "pharmacist" SET STATE "idle"
43: SPAWN "customer" AS "entity_9"
43: QUEUE "initial_queue" JOIN "entity_9"
84: QUEUE "initial_queue" LEAVE "entity_9"
84: RESOURCE "pharmacist" SET STATE "active"
89: RESOURCE "pharmacist" SET STATE "busy"
93: RESOURCE "pharmacist" SET STATE "idle"
